200.0 15
  *******************************************
  *                                         *
  *        W E L C O M E  to  R O O T       *
  *                                         *
  *   Version   5.34/39     12 March 2018   *
  *                                         *
  *  You are welcome to visit our Web site  *
  *          http://root.cern.ch            *
  *                                         *
  *******************************************

ROOT 5.34/39 (heads/v5-34-00-patches@v5-34-38-1-g507abd2, Dec 13 2022, 17:42:00 on linuxx8664gcc)

CINT/ROOT C/C++ Interpreter version 5.18.00, July 2, 2010
Type ? for help. Commands must be C++ statements.
Enclose multiple statements between { }.
*** Float Point Exception is OFF ***
 *** Start at Date : Sat Apr 20 08:22:18 2024
QAInfo:You are using STAR_LEVEL : TFG21g, git = tags/TFG21g,tag:50722f0e0, ROOT_LEVEL : 5.34.39 and node : rcas6013.rcf.bnl.gov with 8 AMD EPYC Processor (with IBPB)

Processing ./readPicoDst.C("./datalist//200.0GeV_Run15/200.0.list.999998",999998,15,200.0,"./datalist/")...
current job id: 999998
 loading of shared libraries done
G__catchexception=0
Load system libraries	 + liblog4cxx + libStStarLogger
Create chain bfc
QA :INFO  - ==============================================
QA :INFO  - ============= You are in TFG21g ===============
QA :INFO  - Requested chain bfc is :	ry2016,RpicoDst,kfpInter,mysql,quiet,nodefault
QA :INFO  -  Switch On                 mysql by Chain
QA :INFO  -  Switch On             StBichsel by MuDSTDeps
QA :INFO  -  Switch On            KFParticle by StEvent
QA :INFO  -  Switch On                 globT by StEvent
QA :INFO  -  Switch On                   SCL by StEvent
QA :INFO  -  Switch On                 sim_T by TbUtil
QA :INFO  -  Switch On                 tpc_T by TbUtil
QA :INFO  -  Switch On                TbUtil by StEvent
QA :INFO  -  Switch On                   Stu by StEvent
QA :INFO  -  Switch On                 StDbT by dbutil
QA :INFO  -  Switch On                    db by detDb
QA :INFO  -  Switch On                 detDb by dbutil
QA :INFO  -  Switch On                dbutil by StEvent
QA :INFO  -  Switch On                TRGDef by StEvent
QA :INFO  -  Switch On               StEvent by MuDSTDeps
QA :INFO  -  Switch On               TofUtil by MuDSTDeps
QA :INFO  -  Switch On              BTofUtil by MuDSTDeps
QA :INFO  -  Switch On                 emc_T by EmcUtil
QA :INFO  -  Switch On                 geomT by EmcUtil
QA :INFO  -  Switch On               EmcUtil by MuDSTDeps
QA :INFO  -  Switch On               PmdUtil by MuDSTDeps
QA :INFO  -  Switch On             MuDSTDeps by PicoDeps
QA :INFO  -  Switch On              PicoDeps by RpicoDST
QA :INFO  -  Switch On              RpicoDST by Chain
QA :INFO  -  Switch On              KFPInter by Chain
QA :INFO  -  Switch On             NoDefault by Chain
QA :INFO  -  Switch On                 quiet by Chain
QA :INFO  -  Switch On                ry2016 by Chain
QA :INFO  -  Switch On                   Agi by Default Geometry
QA :INFO  - ==================                   Agi	is ON 	: Alias VmcGeometry to AgiGeometry (gstar original geometry)
QA :INFO  - ==================            KFParticle	is ON 	: Load KFParticle
QA :INFO  - ==================                 StDbT	is ON 	: Load StDb_Tables
QA :INFO  - ==================                 emc_T	is ON 	: Load emc_Tables
QA :INFO  - ==================                 geomT	is ON 	: Load geometry_Tables
QA :INFO  - ==================                 globT	is ON 	: Load global_Tables
QA :INFO  - ==================                 sim_T	is ON 	: Load sim_Tables
QA :INFO  - ==================                 tpc_T	is ON 	: WARNING *** Option is OBSOLETE ***
QA :INFO  - ==================                 mysql	is ON 	: MySQL
QA :INFO  - ==================                   SCL	is ON 	: Load StarClassLibrary
QA :INFO  - ==================             StBichsel	is ON 	: Load Bichsel model for dE/dx
QA :INFO  - ==================               StEvent	is ON 	: Load StEvent
QA :INFO  - ==================                TbUtil	is ON 	: Load StTableUtilities
QA :INFO  - ==================               TofUtil	is ON 	: Load StTofUtil
QA :INFO  - ==================              BTofUtil	is ON 	: Load StBTofUtil
QA :INFO  - ==================                   Stu	is ON 	: Load StEventUtilities
QA :INFO  - ==================               EmcUtil	is ON 	: Load StEmcUtil
QA :INFO  - ==================               PmdUtil	is ON 	: Load StPmdUtil
QA :INFO  - ==================             MuDSTDeps	is ON 	: Load MuDST misc. dependencies (all)
QA :INFO  - ==================              PicoDeps	is ON 	: Load PicoDST dependences
QA :INFO  - ==================              RpicoDST	is ON 	: read PicoDST
QA :INFO  - ==================                    db	is ON 	: 
QA :INFO  - ==================                 detDb	is ON 	: Load StDetectorDbMaker library
QA :INFO  - ==================                dbutil	is ON 	: Load StDbUtilities
QA :INFO  - ==================                TRGDef	is ON 	: Load StTriggerData
QA :INFO  - ==================              KFPInter	is ON 	: STAR KFParticle interface
QA :INFO  - ==================             NoDefault	is ON 	: No Default consistency check
QA :INFO  - ==================                 quiet	is ON 	: make chain quiet
QA :INFO  - ==================                ry2016	is ON 	: 
QA :INFO  - Process [First=     1/Last=    -1/Total=    -1] Events
QA :INFO  - Library libmysqlclient         [          mysql] (/usr/lib64/mysql/libmysqlclient.so)	is loaded
QA :INFO  - Library libStTpcDb             [        StEvent] (/gpfs01/star/subsys-tpc/fisyak/STAR/packages/TFG21g/.sl73_x8664_gcc485/LIB/libStTpcDb.so)	is loaded
QA :INFO  - Library libStBTofUtil          [       BTofUtil] (/gpfs01/star/subsys-tpc/fisyak/STAR/packages/TFG21g/.sl73_x8664_gcc485/LIB/libStBTofUtil.so)	is loaded
QA :INFO  - Library libStPicoEvent         [       PicoDeps] (/gpfs01/star/subsys-tpc/fisyak/STAR/packages/TFG21g/.sl73_x8664_gcc485/LIB/libStPicoEvent.so)	is loaded
QA :INFO  - Library libStPicoDstMaker      [       PicoDeps] (/gpfs01/star/subsys-tpc/fisyak/STAR/packages/TFG21g/.sl73_x8664_gcc485/LIB/libStPicoDstMaker.so)	is loaded
QA :INFO  - Library libStDbBroker          [             db] (/gpfs01/star/subsys-tpc/fisyak/STAR/packages/TFG21g/.sl73_x8664_gcc485/LIB/libStDbBroker.so)	is loaded
QA :INFO  - Library libSt_db_Maker         [             db] (/gpfs01/star/subsys-tpc/fisyak/STAR/packages/TFG21g/.sl73_x8664_gcc485/LIB/libSt_db_Maker.so)	is loaded
QA :INFO  - Library libStDetectorDbMaker   [          detDb] (/gpfs01/star/subsys-tpc/fisyak/STAR/packages/TFG21g/.sl73_x8664_gcc485/LIB/libStDetectorDbMaker.so)	is loaded
QA :INFO  - Library libStDbUtilities       [         dbutil] (/gpfs01/star/subsys-tpc/fisyak/STAR/packages/TFG21g/.sl73_x8664_gcc485/LIB/libStDbUtilities.so)	is loaded
QA :INFO  - Library libKFParticlePerformance [       KFPInter] (/direct/star+u/svianping/STAR_Files/KFParticle4Lambda/.sl73_x8664_gcc485/LIB/libKFParticlePerformance.so)	is loaded
QA :INFO  - Library libStKFParticleAnalysisMaker [       KFPInter] (/direct/star+u/svianping/STAR_Files/KFParticle4Lambda/.sl73_x8664_gcc485/LIB/libStKFParticleAnalysisMaker.so)	is loaded
QA :INFO  - Input file name = ./datalist//200.0GeV_Run15/200.0.list.999998
BFC:INFO  - StFile::AddFile : *** IGNORED *** File ./datalist//200.0GeV_Run15/200.0.list.999998 has wrong extention 

QA :INFO  - Output root file name 200.0.999998.root
QA :INFO  - ProcessLine:new StPicoDstMaker(2,"./datalist//200.0GeV_Run15/200.0.list.999998")
(class StPicoDstMaker*)0x8f59250
BFC:INFO  - Using DB flavors: ofl+TFG
QA :INFO  - QAInfo:StBFChain            built Mar 14 2022 19:11:02 from Tag $Name:  $ $Id: StBFChain.h,v 1.59 2019/11/19 17:26:17 jeromel Exp $ 
QA :INFO  - QAInfo:StPicoDstMaker       built Jun  9 2021 13:05:13 from Tag $Name:  $ $Id: StPicoDstMaker.h,v 1.30 2021/02/23 17:27:01 gnigmat Exp $ 
QA :INFO  - QAInfo:St_db_Maker          built Jun  9 2021 13:53:26 from Tag $Name:  $ $Id: St_db_Maker.h,v 1.46 2015/05/05 21:05:52 dmitry Exp $ 
QA :INFO  - QAInfo:StDetectorDbMaker    built Jun  9 2021 11:58:34 from Tag $Name:  $ $Id: StDetectorDbMaker.h,v 1.5 2015/12/23 23:34:09 fisyak Exp $ 
QA :INFO  - +++ Setting attribute .gopt. = 
QA :INFO  -  StBFChain::bfc
QA :INFO  -    StPicoDstMaker::PicoDst
QA :INFO  -    St_db_Maker::db
QA :INFO  -    StDetectorDbMaker::detDb
BFC:INFO  - StBFChain::Init : Time=Sat Apr 20 08:22:27 2024 Cwd=/direct/star+u/svianping/STAR_Files/KFParticle4Lambda
QA :INFO  - blacklist tpc
QA :INFO  - blacklist svt
QA :INFO  - blacklist ssd
QA :INFO  - blacklist sst
QA :INFO  - blacklist pxl
QA :INFO  - blacklist ist
QA :INFO  - blacklist fms
QA :INFO  - blacklist eemc
StChain:DEBUG - *** Call << StPicoDstMaker:Init() ***
StChain:ERROR - TNetXNGFile::Open : [ERROR] Server responded with an error: [3011] No servers are available to read the file.

StChain:ERROR - TNetXNGFile::Open : [ERROR] Server responded with an error: [3011] No servers are available to read the file.

StChain:ERROR - TNetXNGFile::Open : [ERROR] Server responded with an error: [3011] No servers are available to read the file.

StChain:ERROR - TNetXNGFile::Open : [ERROR] Server responded with an error: [3011] No servers are available to read the file.

StChain:ERROR - TNetXNGFile::Open : [ERROR] Server responded with an error: [3011] No servers are available to read the file.

StChain:ERROR - TNetXNGFile::Open : [ERROR] Server responded with an error: [3011] No servers are available to read the file.

StChain:ERROR - TNetXNGFile::Open : [ERROR] Server responded with an error: [3011] No servers are available to read the file.

StChain:ERROR - TNetXNGFile::Open : [ERROR] Server responded with an error: [3011] No servers are available to read the file.

StChain:ERROR - TNetXNGFile::Open : [ERROR] Server responded with an error: [3011] No servers are available to read the file.

StChain:ERROR - TNetXNGFile::Open : [ERROR] Server responded with an error: [3011] No servers are available to read the file.

StChain:ERROR - TNetXNGFile::Open : [ERROR] Server responded with an error: [3011] No servers are available to read the file.

StChain:ERROR - TNetXNGFile::Open : [ERROR] Server responded with an error: [3011] No servers are available to read the file.

StChain:ERROR - TNetXNGFile::Open : [ERROR] Server responded with an error: [3011] No servers are available to read the file.

StChain:ERROR - TNetXNGFile::Open : [ERROR] Server responded with an error: [3011] No servers are available to read the file.

StChain:INFO  -  Read in picoDst file root://xrdstar.rcf.bnl.gov:1095//home/starlib/home/starreco/reco/production_pAu200_2015/ReversedFullField/P16id.SL20a/2015/125/16125014/st_physics_16125014_raw_4500016.picoDst.root
StChain:ERROR - TNetXNGFile::Open : [ERROR] Server responded with an error: [3011] No servers are available to read the file.

StChain:ERROR - TNetXNGFile::Open : [ERROR] Server responded with an error: [3011] No servers are available to read the file.

StChain:ERROR - TNetXNGFile::Open : [ERROR] Server responded with an error: [3011] No servers are available to read the file.

StChain:ERROR - TNetXNGFile::Open : [ERROR] Server responded with an error: [3011] No servers are available to read the file.

StChain:INFO  -  Read in picoDst file root://xrdstar.rcf.bnl.gov:1095//home/starlib/home/starreco/reco/production_pAu200_2015/ReversedFullField/P16id.SL20a/2015/125/16125035/st_physics_adc_16125035_raw_2500008.picoDst.root
StChain:INFO  -  Read in picoDst file root://xrdstar.rcf.bnl.gov:1095//home/starlib/home/starreco/reco/production_pAu200_2015/ReversedFullField/P16id.SL20a/2015/125/16125035/st_physics_16125035_raw_5500017.picoDst.root
StChain:INFO  -  Read in picoDst file root://xrdstar.rcf.bnl.gov:1095//home/starlib/home/starreco/reco/production_pAu200_2015/ReversedFullField/P16id.SL20a/2015/125/16125035/st_physics_adc_16125035_raw_4000005.picoDst.root
StChain:ERROR - TNetXNGFile::Open : [ERROR] Server responded with an error: [3011] No servers are available to read the file.

StChain:INFO  -  Read in picoDst file root://xrdstar.rcf.bnl.gov:1095//home/starlib/home/starreco/reco/production_pAu200_2015/ReversedFullField/P16id.SL20a/2015/125/16125039/st_physics_16125039_raw_1500010.picoDst.root
StChain:INFO  -  Read in picoDst file root://xrdstar.rcf.bnl.gov:1095//home/starlib/home/starreco/reco/production_pAu200_2015/ReversedFullField/P16id.SL20a/2015/125/16125039/st_physics_16125039_raw_1000013.picoDst.root
StChain:ERROR - TNetXNGFile::Open : [ERROR] Server responded with an error: [3011] No servers are available to read the file.

StChain:ERROR - TNetXNGFile::Open : [ERROR] Server responded with an error: [3011] No servers are available to read the file.

StChain:ERROR - TNetXNGFile::Open : [ERROR] Server responded with an error: [3011] No servers are available to read the file.

StChain:ERROR - TNetXNGFile::Open : [ERROR] Server responded with an error: [3011] No servers are available to read the file.

StChain:ERROR - TNetXNGFile::Open : [ERROR] Server responded with an error: [3011] No servers are available to read the file.

StChain:ERROR - TNetXNGFile::Open : [ERROR] Server responded with an error: [3011] No servers are available to read the file.

StChain:ERROR - TNetXNGFile::Open : [ERROR] Server responded with an error: [3011] No servers are available to read the file.

StChain:ERROR - TNetXNGFile::Open : [ERROR] Server responded with an error: [3011] No servers are available to read the file.

StChain:ERROR - TNetXNGFile::Open : [ERROR] Server responded with an error: [3011] No servers are available to read the file.

StChain:ERROR - TNetXNGFile::Open : [ERROR] Server responded with an error: [3011] No servers are available to read the file.

StChain:ERROR - TNetXNGFile::Open : [ERROR] Server responded with an error: [3011] No servers are available to read the file.

StChain:ERROR - TNetXNGFile::Open : [ERROR] Server responded with an error: [3011] No servers are available to read the file.

StChain:ERROR - TNetXNGFile::Open : [ERROR] Server responded with an error: [3011] No servers are available to read the file.

StChain:INFO  -  Read in picoDst file root://xrdstar.rcf.bnl.gov:1095//home/starlib/home/starreco/reco/production_pAu200_2015/ReversedFullField/P16id.SL20a/2015/135/16135043/st_physics_16135043_raw_5500030.picoDst.root
StChain:ERROR - TNetXNGFile::Open : [ERROR] Server responded with an error: [3011] No servers are available to read the file.

StChain:INFO  -  Read in picoDst file root://xrdstar.rcf.bnl.gov:1095//home/starlib/home/starreco/reco/production_pAu200_2015/ReversedFullField/P16id.SL20a/2015/137/16137039/st_physics_16137039_raw_4500055.picoDst.root
StChain:ERROR - TNetXNGFile::Open : [ERROR] Server responded with an error: [3011] No servers are available to read the file.

StChain:ERROR - TNetXNGFile::Open : [ERROR] Server responded with an error: [3011] No servers are available to read the file.

StChain:ERROR - TNetXNGFile::Open : [ERROR] Server responded with an error: [3011] No servers are available to read the file.

StChain:ERROR - TNetXNGFile::Open : [ERROR] Server responded with an error: [3011] No servers are available to read the file.

StChain:ERROR - TNetXNGFile::Open : [ERROR] Server responded with an error: [3011] No servers are available to read the file.

StChain:ERROR - TNetXNGFile::Open : [ERROR] Server responded with an error: [3011] No servers are available to read the file.

StChain:ERROR - TNetXNGFile::Open : [ERROR] Server responded with an error: [3011] No servers are available to read the file.

StChain:INFO  -  Read in picoDst file root://xrdstar.rcf.bnl.gov:1095//home/starlib/home/starreco/reco/production_pAu200_2015/ReversedFullField/P16id.SL20a/2015/153/16153011/st_physics_adc_16153011_raw_5000010.picoDst.root
StChain:ERROR - TNetXNGFile::Open : [ERROR] Server responded with an error: [3011] No servers are available to read the file.

StChain:INFO  -  Read in picoDst file root://xrdstar.rcf.bnl.gov:1095//home/starlib/home/starreco/reco/production_pAu200_2015/ReversedFullField/P16id.SL20a/2015/156/16156043/st_physics_adc_16156043_raw_1000036.picoDst.root
StChain:ERROR - TNetXNGFile::Open : [ERROR] Server responded with an error: [3011] No servers are available to read the file.

StChain:INFO  -  Read in picoDst file root://xrdstar.rcf.bnl.gov:1095//home/starlib/home/starreco/reco/production_pAu200_2015/ReversedFullField/P16id.SL20a/2015/158/16158051/st_physics_16158051_raw_4000019.picoDst.root
StChain:ERROR - TNetXNGFile::Open : [ERROR] Server responded with an error: [3011] No servers are available to read the file.

StChain:ERROR - TNetXNGFile::Open : [ERROR] Server responded with an error: [3011] No servers are available to read the file.

StChain:ERROR - TNetXNGFile::Open : [ERROR] Server responded with an error: [3011] No servers are available to read the file.

StChain:ERROR - TNetXNGFile::Open : [ERROR] Server responded with an error: [3011] No servers are available to read the file.

StChain:ERROR - TNetXNGFile::Open : [ERROR] Server responded with an error: [3011] No servers are available to read the file.

StChain:ERROR - TNetXNGFile::Open : [ERROR] Server responded with an error: [3011] No servers are available to read the file.

StChain:ERROR - TNetXNGFile::Open : [ERROR] Server responded with an error: [3011] No servers are available to read the file.

StChain:ERROR - TNetXNGFile::Open : [ERROR] Server responded with an error: [3011] No servers are available to read the file.

StChain:ERROR - TNetXNGFile::Open : [ERROR] Server responded with an error: [3011] No servers are available to read the file.

StChain:ERROR - TNetXNGFile::Open : [ERROR] Server responded with an error: [3011] No servers are available to read the file.

StChain:ERROR - TNetXNGFile::Open : [ERROR] Server responded with an error: [3011] No servers are available to read the file.

StChain:ERROR - TNetXNGFile::Open : [ERROR] Server responded with an error: [3011] No servers are available to read the file.

StChain:ERROR - TNetXNGFile::Open : [ERROR] Server responded with an error: [3011] No servers are available to read the file.

StChain:ERROR - TNetXNGFile::Open : [ERROR] Server responded with an error: [3011] No servers are available to read the file.

StChain:ERROR - TNetXNGFile::Open : [ERROR] Server responded with an error: [3011] No servers are available to read the file.

StChain:ERROR - TNetXNGFile::Open : [ERROR] Server responded with an error: [3011] No servers are available to read the file.

StChain:ERROR - TNetXNGFile::Open : [ERROR] Server responded with an error: [3011] No servers are available to read the file.

StChain:ERROR - TNetXNGFile::Open : [ERROR] Server responded with an error: [3011] No servers are available to read the file.

StChain:ERROR - TNetXNGFile::Open : [ERROR] Server responded with an error: [3011] No servers are available to read the file.

StChain:ERROR - TNetXNGFile::Open : [ERROR] Server responded with an error: [3011] No servers are available to read the file.

StChain:ERROR - TNetXNGFile::Open : [ERROR] Server responded with an error: [3011] No servers are available to read the file.

StChain:ERROR - TNetXNGFile::Open : [ERROR] Server responded with an error: [3011] No servers are available to read the file.

StChain:ERROR - TNetXNGFile::Open : [ERROR] Server responded with an error: [3011] No servers are available to read the file.

StChain:INFO  -  Read in picoDst file root://xrdstar.rcf.bnl.gov:1095//home/starlib/home/starreco/reco/production_pAu200_2015/ReversedFullField/P16id.SL20a/2015/125/16125014/st_physics_16125014_raw_4500016.picoDst.root
StChain:ERROR - TNetXNGFile::Open : [ERROR] Server responded with an error: [3011] No servers are available to read the file.

StChain:ERROR - TNetXNGFile::Open : [ERROR] Server responded with an error: [3011] No servers are available to read the file.

StChain:ERROR - TNetXNGFile::Open : [ERROR] Server responded with an error: [3011] No servers are available to read the file.

StChain:ERROR - TNetXNGFile::Open : [ERROR] Server responded with an error: [3011] No servers are available to read the file.

StChain:INFO  -  Read in picoDst file root://xrdstar.rcf.bnl.gov:1095//home/starlib/home/starreco/reco/production_pAu200_2015/ReversedFullField/P16id.SL20a/2015/125/16125035/st_physics_adc_16125035_raw_2500008.picoDst.root
StChain:INFO  -  Read in picoDst file root://xrdstar.rcf.bnl.gov:1095//home/starlib/home/starreco/reco/production_pAu200_2015/ReversedFullField/P16id.SL20a/2015/125/16125035/st_physics_16125035_raw_5500017.picoDst.root
StChain:INFO  -  Read in picoDst file root://xrdstar.rcf.bnl.gov:1095//home/starlib/home/starreco/reco/production_pAu200_2015/ReversedFullField/P16id.SL20a/2015/125/16125035/st_physics_adc_16125035_raw_4000005.picoDst.root
StChain:ERROR - TNetXNGFile::Open : [ERROR] Server responded with an error: [3011] No servers are available to read the file.

StChain:INFO  -  Read in picoDst file root://xrdstar.rcf.bnl.gov:1095//home/starlib/home/starreco/reco/production_pAu200_2015/ReversedFullField/P16id.SL20a/2015/125/16125039/st_physics_16125039_raw_1500010.picoDst.root
StChain:INFO  -  Read in picoDst file root://xrdstar.rcf.bnl.gov:1095//home/starlib/home/starreco/reco/production_pAu200_2015/ReversedFullField/P16id.SL20a/2015/125/16125039/st_physics_16125039_raw_1000013.picoDst.root
StChain:ERROR - TNetXNGFile::Open : [ERROR] Server responded with an error: [3011] No servers are available to read the file.

StChain:ERROR - TNetXNGFile::Open : [ERROR] Server responded with an error: [3011] No servers are available to read the file.

StChain:ERROR - TNetXNGFile::Open : [ERROR] Server responded with an error: [3011] No servers are available to read the file.

StChain:ERROR - TNetXNGFile::Open : [ERROR] Server responded with an error: [3011] No servers are available to read the file.

StChain:ERROR - TNetXNGFile::Open : [ERROR] Server responded with an error: [3011] No servers are available to read the file.

StChain:ERROR - TNetXNGFile::Open : [ERROR] Server responded with an error: [3011] No servers are available to read the file.

StChain:ERROR - TNetXNGFile::Open : [ERROR] Server responded with an error: [3011] No servers are available to read the file.

StChain:ERROR - TNetXNGFile::Open : [ERROR] Server responded with an error: [3011] No servers are available to read the file.

StChain:ERROR - TNetXNGFile::Open : [ERROR] Server responded with an error: [3011] No servers are available to read the file.

StChain:ERROR - TNetXNGFile::Open : [ERROR] Server responded with an error: [3011] No servers are available to read the file.

StChain:ERROR - TNetXNGFile::Open : [ERROR] Server responded with an error: [3011] No servers are available to read the file.

StChain:ERROR - TNetXNGFile::Open : [ERROR] Server responded with an error: [3011] No servers are available to read the file.

StChain:ERROR - TNetXNGFile::Open : [ERROR] Server responded with an error: [3011] No servers are available to read the file.

StChain:INFO  -  Read in picoDst file root://xrdstar.rcf.bnl.gov:1095//home/starlib/home/starreco/reco/production_pAu200_2015/ReversedFullField/P16id.SL20a/2015/135/16135043/st_physics_16135043_raw_5500030.picoDst.root
StChain:ERROR - TNetXNGFile::Open : [ERROR] Server responded with an error: [3011] No servers are available to read the file.

StChain:INFO  -  Read in picoDst file root://xrdstar.rcf.bnl.gov:1095//home/starlib/home/starreco/reco/production_pAu200_2015/ReversedFullField/P16id.SL20a/2015/137/16137039/st_physics_16137039_raw_4500055.picoDst.root
StChain:ERROR - TNetXNGFile::Open : [ERROR] Server responded with an error: [3011] No servers are available to read the file.

StChain:ERROR - TNetXNGFile::Open : [ERROR] Server responded with an error: [3011] No servers are available to read the file.

StChain:ERROR - TNetXNGFile::Open : [ERROR] Server responded with an error: [3011] No servers are available to read the file.

StChain:ERROR - TNetXNGFile::Open : [ERROR] Server responded with an error: [3011] No servers are available to read the file.

StChain:INFO  -  Read in picoDst file root://xrdstar.rcf.bnl.gov:1095//home/starlib/home/starreco/reco/production_pAu200_2015/ReversedFullField/P16id.SL20a/2015/148/16148004/st_physics_16148004_raw_2000061.picoDst.root
StChain:ERROR - TNetXNGFile::Open : [ERROR] Server responded with an error: [3011] No servers are available to read the file.

StChain:ERROR - TNetXNGFile::Open : [ERROR] Server responded with an error: [3011] No servers are available to read the file.

StChain:INFO  -  Read in picoDst file root://xrdstar.rcf.bnl.gov:1095//home/starlib/home/starreco/reco/production_pAu200_2015/ReversedFullField/P16id.SL20a/2015/153/16153011/st_physics_adc_16153011_raw_5000010.picoDst.root
StChain:ERROR - TNetXNGFile::Open : [ERROR] Server responded with an error: [3011] No servers are available to read the file.

StChain:INFO  -  Read in picoDst file root://xrdstar.rcf.bnl.gov:1095//home/starlib/home/starreco/reco/production_pAu200_2015/ReversedFullField/P16id.SL20a/2015/156/16156043/st_physics_adc_16156043_raw_1000036.picoDst.root
StChain:ERROR - TNetXNGFile::Open : [ERROR] Server responded with an error: [3011] No servers are available to read the file.

StChain:INFO  -  Read in picoDst file root://xrdstar.rcf.bnl.gov:1095//home/starlib/home/starreco/reco/production_pAu200_2015/ReversedFullField/P16id.SL20a/2015/158/16158051/st_physics_16158051_raw_4000019.picoDst.root
StChain:ERROR - TNetXNGFile::Open : [ERROR] Server responded with an error: [3011] No servers are available to read the file.

StChain:ERROR - TNetXNGFile::Open : [ERROR] Server responded with an error: [3011] No servers are available to read the file.

StChain:ERROR - TNetXNGFile::Open : [ERROR] Server responded with an error: [3011] No servers are available to read the file.

StChain:ERROR - TNetXNGFile::Open : [ERROR] Server responded with an error: [3011] No servers are available to read the file.

StChain:ERROR - TNetXNGFile::Open : [ERROR] Server responded with an error: [3011] No servers are available to read the file.

StChain:ERROR - TNetXNGFile::Open : [ERROR] Server responded with an error: [3011] No servers are available to read the file.

StChain:ERROR - TNetXNGFile::Open : [ERROR] Server responded with an error: [3011] No servers are available to read the file.

StChain:ERROR - TNetXNGFile::Open : [ERROR] Server responded with an error: [3011] No servers are available to read the file.

StChain:ERROR - TNetXNGFile::Open : [ERROR] Server responded with an error: [3011] No servers are available to read the file.

StChain:INFO  -  Total 23 files have been read in. 
StChain:WARN  - setBranchAddress: Branch name McVertex does not exist!
StChain:WARN  - setBranchAddress: Branch name McTrack does not exist!
StChain:DEBUG - *** Call << St_db_Maker:Init() ***
StChain:INFO  - St_db_Maker::OpenMySQL : Block domain eemc
StChain:INFO  - St_db_Maker::OpenMySQL : Block domain fms
StChain:INFO  - St_db_Maker::OpenMySQL : Block domain ist
StChain:INFO  - St_db_Maker::OpenMySQL : Block domain pxl
StChain:INFO  - St_db_Maker::OpenMySQL : Block domain sst
StChain:INFO  - St_db_Maker::OpenMySQL : Block domain ssd
StChain:INFO  - St_db_Maker::OpenMySQL : Block domain svt
StChain:INFO  - St_db_Maker::OpenMySQL : Block domain tpc
StChain:INFO  - StDbManagerImpl::lookUpServers(): config file name is /gpfs01/star/subsys-tpc/fisyak/STAR/packages/conf/dbLoadBalancerLocalConfig_BNL.xml
There is no 1  /star/u/svianping/dbServers.xml
 looking at 2 /gpfs01/star/subsys-tpc/fisyak/STAR/packages/TFG21g/StDb/servers/dbServers.xml
DB OVERRIDE default user with: svianping
StChain:INFO  - StDbManagerImpl::lookUpServer() line=711 
******** Order of Files searched for dbServers ********* 
  3. /gpfs01/star/subsys-tpc/fisyak/STAR/packages/TFG21g/StDb/servers/dbServers.xml
********************************************************

StHyperCacheManager: reading cache config from /gpfs01/star/subsys-tpc/fisyak/STAR/packages/conf/hyperconfig.json
StChain:INFO  - StDbLib: db server found in 3 iterations
StChain:INFO  - MysqlDb::Connect: Load balancer took 0 ms, will use star-db08.rcf.bnl.gov:3316
StChain:INFO  - Ssl_cipher = AES128-SHA
StChain:INFO  - MysqlDb::Connect(host,user,pw,database,port) line=527 Server Connecting: DB=StarDb  Host=star-db08.rcf.bnl.gov:3316
 --> Connection Time=0.040323 sec    MysqlVersion=5.7.24
StChain:WARN  - StDbManagerImpl::getDbDomain(domainName) line=1061 Adding New dbDomain= fst
StChain:WARN  - StDbManagerImpl::getDbDomain(domainName) line=1061 Adding New dbDomain= ftt
StChain:INFO  - St_db_Maker::OpenMySQL : Unknown table rhicf/rhicfBarPos..rhicfBarPos
StChain:INFO  - St_db_Maker::OpenMySQL : Unknown table etof/etofAlign..etofAlign
StChain:INFO  - St_db_Maker::OpenMySQL : Unknown table etof/etofModCounter..etofModCounter
StChain:INFO  - St_db_Maker::OpenMySQL : Unknown table ftt/fttFobToHV..fttFobToHV
StChain:INFO  - St_db_Maker::OpenMySQL : Unknown table ftt/fttFobToStation..fttFobToStation
StChain:INFO  - St_db_Maker::OpenMySQL : Unknown table ftt/fttHardwareMap..fttHardwareMap
StChain:INFO  - St_db_Maker::OpenMySQL : Unknown table rhicf/rhicfPedestalF..rhicfPedestalF
StChain:INFO  - St_db_Maker::OpenMySQL : Unknown table rhicf/rhicfPhotonLeakageIn..rhicfPhotonLeakageIn
StChain:INFO  - St_db_Maker::OpenMySQL : Unknown table rhicf/rhicfPhotonLeakageOut..rhicfPhotonLeakageOut
StChain:INFO  - St_db_Maker::OpenMySQL : Unknown table rhicf/rhicfNeutronLeakageOut..rhicfNeutronLeakageOut
StChain:INFO  - St_db_Maker::OpenMySQL : Unknown table rhicf/rhicfCrossTalk..rhicfCrossTalk
StChain:INFO  - St_db_Maker::OpenMySQL : Unknown table fcs/fcsEcalGainOnline..fcsEcalGainOnline
StChain:INFO  - St_db_Maker::OpenMySQL : Unknown table fcs/fcsHcalGainOnline..fcsHcalGainOnline
StChain:INFO  - St_db_Maker::OpenMySQL : Unknown table fcs/fcsPresThreshold..fcsPresThreshold
StChain:INFO  - St_db_Maker::OpenMySQL : Unknown table fst/fstGain..fstGain
StChain:INFO  - St_db_Maker::OpenMySQL : Unknown table fst/fstPedNoise..fstPedNoise
StChain:INFO  - St_db_Maker::OpenMySQL : Unknown table fst/fstControl..fstControl
StChain:INFO  - St_db_Maker::OpenMySQL : Unknown table fst/fstMapping..fstMapping
StChain:INFO  - St_db_Maker::OpenMySQL : Unknown table fst/fstChipConfig..fstChipConfig
StChain:INFO  - St_db_Maker::OpenMySQL : Unknown table fst/fstSimPar..fstSimPar
StChain:INFO  - St_db_Maker::OpenMySQL : Unknown table ftt/fttDataWindows..fttDataWindows
StChain:DEBUG - *** Call << StDetectorDbMaker:Init() ***
StChain:DEBUG - *** Call << StKFParticleAnalysisMaker:Init() ***
output_999998.root
current job id: 999998
Run list :./datalist//runList/run15List200.0.list loaded. 
Total    :24 runs. 
cannot open ./datalist//badList/badrun15List200.0.list
StChain:ERROR -    Maker ana failed in Init
BFC:FATAL - TUnixSystem::DispatchSignals : segmentation violation
QA :INFO  - =================================================================================
QA :INFO  - QAInfo:Chain            StBFChain::bfc                  Ast =274.78        Cpu =  1.64 
QA :INFO  - QAInfo:Maker StKFParticleAnalysisMaker::ana                  Ast =  8.41( 3.1%) Cpu =  0.03( 1.8%) 
QA :INFO  - QAInfo:Maker    StDetectorDbMaker::detDb                Ast =  0.00( 0.0%) Cpu =  0.00( 0.0%) 
QA :INFO  - QAInfo:Maker          St_db_Maker::db                   Ast =  1.56( 0.6%) Cpu =  0.43(26.2%) 
QA :INFO  - QAInfo:Maker       StPicoDstMaker::PicoDst              Ast =264.81(96.4%) Cpu =  1.18(72.0%) 
StChain:FATAL - TUnixSystem::DispatchSignals : segmentation violation
