We are starting on node: spool1841.sdcc.bnl.gov
HOME is not defined
Using getent method
HOME is now /star/u/svianping
1722 We will spawn ourselves (/star/data01/pwg/svianping/output/sched10151592C7E690BD7888C43FA734FEF8_0.csh )
1722 We BEGIN on [Thu Apr 24 06:25:22 EDT 2025]
[1] 1976
1722 We are waiting for 1976 
1976 Stepping into the main SUMS wrapper program with []
Running: cp /star/data01/pwg/svianping/output/output_2.root /tmp/svianping/10151592C7E690BD7888C43FA734FEF8_0/INPUTFILES/output_2.root
Swapping $FILELIST with: /tmp/svianping/10151592C7E690BD7888C43FA734FEF8_0/INPUTFILES/10151592C7E690BD7888C43FA734FEF8_0.local.list
+++++++++++local copy debug++++++++++++++++++++
newFileList: /tmp/svianping/10151592C7E690BD7888C43FA734FEF8_0/INPUTFILES/10151592C7E690BD7888C43FA734FEF8_0.local.list
++++++++++++++++cat FILELIST+++++++++++++++++++
/tmp/svianping/10151592C7E690BD7888C43FA734FEF8_0/INPUTFILES/output_2.root 
++++++++++++++++++++find.++++++++++++++++++++++
.
./INPUTFILES
./INPUTFILES/output_2.root
./INPUTFILES/10151592C7E690BD7888C43FA734FEF8_0.local.list
./.errror.log
./.output.log
++++++++++++++++INPUTFILE Var++++++++++++++++++
FILELIST=/tmp/svianping/10151592C7E690BD7888C43FA734FEF8_0/INPUTFILES/10151592C7E690BD7888C43FA734FEF8_0.local.list
INPUTFILECOUNT=1
INPUTFILE0=/tmp/svianping/10151592C7E690BD7888C43FA734FEF8_0/INPUTFILES/output_2.root
LocalInputFileDir=/tmp/svianping/10151592C7E690BD7888C43FA734FEF8_0/INPUTFILES
NewFILELIST=/tmp/svianping/10151592C7E690BD7888C43FA734FEF8_0/INPUTFILES/10151592C7E690BD7888C43FA734FEF8_0.local.list
+++++++++++++++++++++++++++++++++++++++++++++++
--------------------------------
Simple Unified Meta Scheduler 1.10.50 we are starting in $SCRATCH : /home/tmp/svianping/10151592C7E690BD7888C43FA734FEF8_0
--------------------------------
total 4
drwxr-xr-x 2 svianping rhstar 4096 Apr 24 06:25 INPUTFILES
hadd Target file: merge.root
hadd Source file 1: output_1.root
Starting copy block
Running copy command:  /bin/cp -fp /tmp/svianping/10151592C7E690BD7888C43FA734FEF8_0/merge.root /star/u/svianping/Result/merge.root
1722 Execution of (/star/data01/pwg/svianping/output/sched10151592C7E690BD7888C43FA734FEF8_0.csh ) has ended, exiting normally
1722 We END on [Thu Apr 24 06:25:23 EDT 2025]
