We are starting on node: spool1828.sdcc.bnl.gov
HOME is not defined
Using getent method
HOME is now /star/u/svianping
726 We will spawn ourselves (/star/data01/pwg/svianping/output/sched16692C930AE41668D405767286F41EC2_0.csh )
726 We BEGIN on [Thu Apr 24 06:24:45 EDT 2025]
[1] 1044
726 We are waiting for 1044 
1044 Stepping into the main SUMS wrapper program with []
Running: cp /star/data01/pwg/svianping/output/output_2.root /tmp/svianping/16692C930AE41668D405767286F41EC2_0/INPUTFILES/output_2.root
Swapping $FILELIST with: /tmp/svianping/16692C930AE41668D405767286F41EC2_0/INPUTFILES/16692C930AE41668D405767286F41EC2_0.local.list
+++++++++++local copy debug++++++++++++++++++++
newFileList: /tmp/svianping/16692C930AE41668D405767286F41EC2_0/INPUTFILES/16692C930AE41668D405767286F41EC2_0.local.list
++++++++++++++++cat FILELIST+++++++++++++++++++
/tmp/svianping/16692C930AE41668D405767286F41EC2_0/INPUTFILES/output_2.root 
++++++++++++++++++++find.++++++++++++++++++++++
.
./.output.log
./INPUTFILES
./INPUTFILES/output_2.root
./INPUTFILES/16692C930AE41668D405767286F41EC2_0.local.list
./.errror.log
++++++++++++++++INPUTFILE Var++++++++++++++++++
FILELIST=/tmp/svianping/16692C930AE41668D405767286F41EC2_0/INPUTFILES/16692C930AE41668D405767286F41EC2_0.local.list
INPUTFILECOUNT=1
INPUTFILE0=/tmp/svianping/16692C930AE41668D405767286F41EC2_0/INPUTFILES/output_2.root
LocalInputFileDir=/tmp/svianping/16692C930AE41668D405767286F41EC2_0/INPUTFILES
NewFILELIST=/tmp/svianping/16692C930AE41668D405767286F41EC2_0/INPUTFILES/16692C930AE41668D405767286F41EC2_0.local.list
+++++++++++++++++++++++++++++++++++++++++++++++
--------------------------------
Simple Unified Meta Scheduler 1.10.50 we are starting in $SCRATCH : /home/tmp/svianping/16692C930AE41668D405767286F41EC2_0
--------------------------------
total 4
drwxr-xr-x 2 svianping rhstar 4096 Apr 24 06:24 INPUTFILES
hadd Target file: merge.root
hadd Source file 1: output_1.root
Starting copy block
Running copy command:  /bin/cp -fp /tmp/svianping/16692C930AE41668D405767286F41EC2_0/merge.root /star/u/svianping/Result/merge.root
726 Execution of (/star/data01/pwg/svianping/output/sched16692C930AE41668D405767286F41EC2_0.csh ) has ended, exiting normally
726 We END on [Thu Apr 24 06:24:47 EDT 2025]
